#
# There is insufficient memory for the Java Runtime Environment to continue.
# Native memory allocation (mmap) failed to map 101711872 bytes for committing reserved memory.
# Possible reasons:
#   The system is out of physical RAM or swap space
#   In 32 bit mode, the process size limit was hit
# Possible solutions:
#   Reduce memory load on the system
#   Increase physical memory or swap space
#   Check if swap backing store is full
#   Use 64 bit Java on a 64 bit OS
#   Decrease Java heap size (-Xmx/-Xms)
#   Decrease number of Java threads
#   Decrease Java thread stack sizes (-Xss)
#   Set larger code cache with -XX:ReservedCodeCacheSize=
# This output file may be truncated or incomplete.
#
#  Out of Memory Error (os_linux.cpp:2671), pid=7104, tid=140573342840576
#
# JRE version: Java(TM) SE Runtime Environment (8.0_25-b17) (build 1.8.0_25-b17)
# Java VM: Java HotSpot(TM) 64-Bit Server VM (25.25-b02 mixed mode linux-amd64 compressed oops)
# Failed to write core dump. Core dumps have been disabled. To enable core dumping, try "ulimit -c unlimited" before starting Java again
#

---------------  T H R E A D  ---------------

Current thread (0x00007fd9dc074000):  VMThread [stack: 0x00007fd9c81a3000,0x00007fd9c82a4000] [id=7115]

Stack: [0x00007fd9c81a3000,0x00007fd9c82a4000],  sp=0x00007fd9c82a20f0,  free space=1020k
Native frames: (J=compiled Java code, j=interpreted, Vv=VM code, C=native code)
V  [libjvm.so+0xa7923a]  VMError::report_and_die()+0x2ca
V  [libjvm.so+0x4e552b]  report_vm_out_of_memory(char const*, int, unsigned long, VMErrorType, char const*)+0x8b
V  [libjvm.so+0x8e5613]  os::Linux::commit_memory_impl(char*, unsigned long, bool)+0x103
V  [libjvm.so+0x8e5b69]  os::pd_commit_memory(char*, unsigned long, unsigned long, bool)+0x29
V  [libjvm.so+0x8df83a]  os::commit_memory(char*, unsigned long, unsigned long, bool)+0x2a
V  [libjvm.so+0x94f923]  PSVirtualSpace::expand_by(unsigned long)+0x53
V  [libjvm.so+0x950d28]  PSYoungGen::resize_generation(unsigned long, unsigned long)+0xf8
V  [libjvm.so+0x94fe82]  PSYoungGen::resize(unsigned long, unsigned long)+0x22
V  [libjvm.so+0x94d163]  PSScavenge::invoke_no_policy()+0xf53
V  [libjvm.so+0x94d8e1]  PSScavenge::invoke()+0x41
V  [libjvm.so+0x907800]  ParallelScavengeHeap::failed_mem_allocate(unsigned long)+0x70
V  [libjvm.so+0xa7a8b7]  VM_ParallelGCFailedAllocation::doit()+0x97
V  [libjvm.so+0xa81fd5]  VM_Operation::evaluate()+0x55
V  [libjvm.so+0xa803aa]  VMThread::evaluate_operation(VM_Operation*)+0xba
V  [libjvm.so+0xa8072e]  VMThread::loop()+0x1ce
V  [libjvm.so+0xa80ba0]  VMThread::run()+0x70
V  [libjvm.so+0x8e7d48]  java_start(Thread*)+0x108

VM_Operation (0x00007fd9e28e7180): ParallelGCFailedAllocation, mode: safepoint, requested by thread 0x00007fd9dc00b000


---------------  P R O C E S S  ---------------

Java Threads: ( => current thread )
  0x00007fd9dc0b3800 JavaThread "Service Thread" daemon [_thread_blocked, id=7122, stack(0x00007fd9c31e7000,0x00007fd9c32e8000)]
  0x00007fd9dc0b1000 JavaThread "C1 CompilerThread2" daemon [_thread_blocked, id=7121, stack(0x00007fd9c32e8000,0x00007fd9c33e9000)]
  0x00007fd9dc0af000 JavaThread "C2 CompilerThread1" daemon [_thread_blocked, id=7120, stack(0x00007fd9c33e9000,0x00007fd9c34ea000)]
  0x00007fd9dc0ac000 JavaThread "C2 CompilerThread0" daemon [_thread_blocked, id=7119, stack(0x00007fd9c34ea000,0x00007fd9c35eb000)]
  0x00007fd9dc0aa000 JavaThread "Signal Dispatcher" daemon [_thread_blocked, id=7118, stack(0x00007fd9c35eb000,0x00007fd9c36ec000)]
  0x00007fd9dc07d000 JavaThread "Finalizer" daemon [_thread_blocked, id=7117, stack(0x00007fd9c3eff000,0x00007fd9c4000000)]
  0x00007fd9dc07b000 JavaThread "Reference Handler" daemon [_thread_blocked, id=7116, stack(0x00007fd9c80a2000,0x00007fd9c81a3000)]
  0x00007fd9dc00b000 JavaThread "main" [_thread_blocked, id=7108, stack(0x00007fd9e27e8000,0x00007fd9e28e9000)]

Other Threads:
=>0x00007fd9dc074000 VMThread [stack: 0x00007fd9c81a3000,0x00007fd9c82a4000] [id=7115]
  0x00007fd9dc0ba800 WatcherThread [stack: 0x00007fd9c30e6000,0x00007fd9c31e7000] [id=7123]

VM state:at safepoint (normal execution)

VM Mutex/Monitor currently owned by a thread:  ([mutex/lock_event])
[0x00007fd9dc007230] Threads_lock - owner thread: 0x00007fd9dc074000
[0x00007fd9dc007730] Heap_lock - owner thread: 0x00007fd9dc00b000

Heap:
 PSYoungGen      total 108544K, used 12193K [0x00000000eab00000, 0x00000000f2100000, 0x0000000100000000)
  eden space 96256K, 0% used [0x00000000eab00000,0x00000000eab00000,0x00000000f0900000)
  from space 12288K, 99% used [0x00000000f0900000,0x00000000f14e8658,0x00000000f1500000)
  to   space 11776K, 0% used [0x00000000f1580000,0x00000000f1580000,0x00000000f2100000)
 ParOldGen       total 62976K, used 35486K [0x00000000c0000000, 0x00000000c3d80000, 0x00000000eab00000)
  object space 62976K, 56% used [0x00000000c0000000,0x00000000c22a7a10,0x00000000c3d80000)
 Metaspace       used 7904K, capacity 8292K, committed 8576K, reserved 1056768K
  class space    used 748K, capacity 788K, committed 896K, reserved 1048576K

Card table byte_map: [0x00007fd9cc3fe000,0x00007fd9cc5ff000] byte_map_base: 0x00007fd9cbdfe000

Marking Bits: (ParMarkBitMap*) 0x00007fd9e1cc42c0
 Begin Bits: [0x00007fd9c9ea4000, 0x00007fd9caea4000)
 End Bits:   [0x00007fd9caea4000, 0x00007fd9cbea4000)

Polling page: 0x00007fd9e290a000

CodeCache: size=245760Kb used=9405Kb max_used=9405Kb free=236354Kb
 bounds [0x00007fd9cc9bf000, 0x00007fd9cd2ff000, 0x00007fd9db9bf000]
 total_blobs=3003 nmethods=2714 adapters=205
 compilation: enabled

Compilation events (10 events):
Event: 7.931 Thread 0x00007fd9dc0b1000 2796 %     3       java.util.ComparableTimSort::mergeHi @ 185 (729 bytes)
Event: 7.934 Thread 0x00007fd9dc0b1000 nmethod 2796% 0x00007fd9cd2ee3d0 code [0x00007fd9cd2ee720, 0x00007fd9cd2f0c58]
Event: 7.934 Thread 0x00007fd9dc0b1000 2797       3       java.util.ComparableTimSort::mergeHi (729 bytes)
Event: 7.938 Thread 0x00007fd9dc0b1000 nmethod 2797 0x00007fd9cd2f1b50 code [0x00007fd9cd2f1ea0, 0x00007fd9cd2f4338]
Event: 7.976 Thread 0x00007fd9dc0b1000 2809       2       java.util.HashMap$TreeNode::split (218 bytes)
Event: 7.978 Thread 0x00007fd9dc0b1000 nmethod 2809 0x00007fd9cd2ebe50 code [0x00007fd9cd2ec040, 0x00007fd9cd2ec758]
Event: 7.978 Thread 0x00007fd9dc0b1000 2810       2       java.util.HashMap::treeifyBin (110 bytes)
Event: 7.979 Thread 0x00007fd9dc0b1000 nmethod 2810 0x00007fd9cd2eb5d0 code [0x00007fd9cd2eb780, 0x00007fd9cd2ebb48]
Event: 7.994 Thread 0x00007fd9dc0b1000 2811       2       java.util.TimSort::mergeLo (659 bytes)
Event: 7.997 Thread 0x00007fd9dc0b1000 nmethod 2811 0x00007fd9cd2f5190 code [0x00007fd9cd2f5420, 0x00007fd9cd2f6a18]

GC Heap History (10 events):
Event: 4.106 GC heap after
Heap after GC invocations=2 (full 0):
 PSYoungGen      total 27648K, used 3563K [0x00000000eab00000, 0x00000000ee100000, 0x0000000100000000)
  eden space 24064K, 0% used [0x00000000eab00000,0x00000000eab00000,0x00000000ec280000)
  from space 3584K, 99% used [0x00000000ec600000,0x00000000ec97ac68,0x00000000ec980000)
  to   space 3584K, 0% used [0x00000000ec280000,0x00000000ec280000,0x00000000ec600000)
 ParOldGen       total 62976K, used 5492K [0x00000000c0000000, 0x00000000c3d80000, 0x00000000eab00000)
  object space 62976K, 8% used [0x00000000c0000000,0x00000000c055d040,0x00000000c3d80000)
 Metaspace       used 5682K, capacity 6960K, committed 7040K, reserved 1056768K
  class space    used 546K, capacity 616K, committed 640K, reserved 1048576K
}
Event: 4.672 GC heap before
{Heap before GC invocations=3 (full 0):
 PSYoungGen      total 27648K, used 27627K [0x00000000eab00000, 0x00000000ee100000, 0x0000000100000000)
  eden space 24064K, 100% used [0x00000000eab00000,0x00000000ec280000,0x00000000ec280000)
  from space 3584K, 99% used [0x00000000ec600000,0x00000000ec97ac68,0x00000000ec980000)
  to   space 3584K, 0% used [0x00000000ec280000,0x00000000ec280000,0x00000000ec600000)
 ParOldGen       total 62976K, used 5492K [0x00000000c0000000, 0x00000000c3d80000, 0x00000000eab00000)
  object space 62976K, 8% used [0x00000000c0000000,0x00000000c055d040,0x00000000c3d80000)
 Metaspace       used 5756K, capacity 7024K, committed 7296K, reserved 1056768K
  class space    used 546K, capacity 616K, committed 640K, reserved 1048576K
Event: 4.703 GC heap after
Heap after GC invocations=3 (full 0):
 PSYoungGen      total 27648K, used 3556K [0x00000000eab00000, 0x00000000ee100000, 0x0000000100000000)
  eden space 24064K, 0% used [0x00000000eab00000,0x00000000eab00000,0x00000000ec280000)
  from space 3584K, 99% used [0x00000000ec280000,0x00000000ec5f91b0,0x00000000ec600000)
  to   space 3584K, 0% used [0x00000000edd80000,0x00000000edd80000,0x00000000ee100000)
 ParOldGen       total 62976K, used 9364K [0x00000000c0000000, 0x00000000c3d80000, 0x00000000eab00000)
  object space 62976K, 14% used [0x00000000c0000000,0x00000000c09250c0,0x00000000c3d80000)
 Metaspace       used 5756K, capacity 7024K, committed 7296K, reserved 1056768K
  class space    used 546K, capacity 616K, committed 640K, reserved 1048576K
}
Event: 5.087 GC heap before
{Heap before GC invocations=4 (full 0):
 PSYoungGen      total 27648K, used 27577K [0x00000000eab00000, 0x00000000ee100000, 0x0000000100000000)
  eden space 24064K, 99% used [0x00000000eab00000,0x00000000ec275580,0x00000000ec280000)
  from space 3584K, 99% used [0x00000000ec280000,0x00000000ec5f91b0,0x00000000ec600000)
  to   space 3584K, 0% used [0x00000000edd80000,0x00000000edd80000,0x00000000ee100000)
 ParOldGen       total 62976K, used 9364K [0x00000000c0000000, 0x00000000c3d80000, 0x00000000eab00000)
  object space 62976K, 14% used [0x00000000c0000000,0x00000000c09250c0,0x00000000c3d80000)
 Metaspace       used 5803K, capacity 7088K, committed 7296K, reserved 1056768K
  class space    used 547K, capacity 616K, committed 640K, reserved 1048576K
Event: 5.130 GC heap after
Heap after GC invocations=4 (full 0):
 PSYoungGen      total 51712K, used 3583K [0x00000000eab00000, 0x00000000ee100000, 0x0000000100000000)
  eden space 48128K, 0% used [0x00000000eab00000,0x00000000eab00000,0x00000000eda00000)
  from space 3584K, 99% used [0x00000000edd80000,0x00000000ee0ffdd0,0x00000000ee100000)
  to   space 3584K, 0% used [0x00000000eda00000,0x00000000eda00000,0x00000000edd80000)
 ParOldGen       total 62976K, used 14050K [0x00000000c0000000, 0x00000000c3d80000, 0x00000000eab00000)
  object space 62976K, 22% used [0x00000000c0000000,0x00000000c0db8bf0,0x00000000c3d80000)
 Metaspace       used 5803K, capacity 7088K, committed 7296K, reserved 1056768K
  class space    used 547K, capacity 616K, committed 640K, reserved 1048576K
}
Event: 6.882 GC heap before
{Heap before GC invocations=5 (full 0):
 PSYoungGen      total 51712K, used 51604K [0x00000000eab00000, 0x00000000ee100000, 0x0000000100000000)
  eden space 48128K, 99% used [0x00000000eab00000,0x00000000ed9e5318,0x00000000eda00000)
  from space 3584K, 99% used [0x00000000edd80000,0x00000000ee0ffdd0,0x00000000ee100000)
  to   space 3584K, 0% used [0x00000000eda00000,0x00000000eda00000,0x00000000edd80000)
 ParOldGen       total 62976K, used 14050K [0x00000000c0000000, 0x00000000c3d80000, 0x00000000eab00000)
  object space 62976K, 22% used [0x00000000c0000000,0x00000000c0db8bf0,0x00000000c3d80000)
 Metaspace       used 7841K, capacity 8228K, committed 8576K, reserved 1056768K
  class space    used 747K, capacity 788K, committed 896K, reserved 1048576K
Event: 6.918 GC heap after
Heap after GC invocations=5 (full 0):
 PSYoungGen      total 51712K, used 3556K [0x00000000eab00000, 0x00000000f2200000, 0x0000000100000000)
  eden space 48128K, 0% used [0x00000000eab00000,0x00000000eab00000,0x00000000eda00000)
  from space 3584K, 99% used [0x00000000eda00000,0x00000000edd791a0,0x00000000edd80000)
  to   space 12800K, 0% used [0x00000000f1580000,0x00000000f1580000,0x00000000f2200000)
 ParOldGen       total 62976K, used 22842K [0x00000000c0000000, 0x00000000c3d80000, 0x00000000eab00000)
  object space 62976K, 36% used [0x00000000c0000000,0x00000000c164ea10,0x00000000c3d80000)
 Metaspace       used 7841K, capacity 8228K, committed 8576K, reserved 1056768K
  class space    used 747K, capacity 788K, committed 896K, reserved 1048576K
}
Event: 7.361 GC heap before
{Heap before GC invocations=6 (full 0):
 PSYoungGen      total 51712K, used 50933K [0x00000000eab00000, 0x00000000f2200000, 0x0000000100000000)
  eden space 48128K, 98% used [0x00000000eab00000,0x00000000ed944610,0x00000000eda00000)
  from space 3584K, 99% used [0x00000000eda00000,0x00000000edd791a0,0x00000000edd80000)
  to   space 12800K, 0% used [0x00000000f1580000,0x00000000f1580000,0x00000000f2200000)
 ParOldGen       total 62976K, used 22842K [0x00000000c0000000, 0x00000000c3d80000, 0x00000000eab00000)
  object space 62976K, 36% used [0x00000000c0000000,0x00000000c164ea10,0x00000000c3d80000)
 Metaspace       used 7884K, capacity 8228K, committed 8576K, reserved 1056768K
  class space    used 747K, capacity 788K, committed 896K, reserved 1048576K
Event: 7.395 GC heap after
Heap after GC invocations=6 (full 0):
 PSYoungGen      total 108032K, used 6594K [0x00000000eab00000, 0x00000000f2100000, 0x0000000100000000)
  eden space 96256K, 0% used [0x00000000eab00000,0x00000000eab00000,0x00000000f0900000)
  from space 11776K, 56% used [0x00000000f1580000,0x00000000f1bf0af0,0x00000000f2100000)
  to   space 12288K, 0% used [0x00000000f0900000,0x00000000f0900000,0x00000000f1500000)
 ParOldGen       total 62976K, used 22842K [0x00000000c0000000, 0x00000000c3d80000, 0x00000000eab00000)
  object space 62976K, 36% used [0x00000000c0000000,0x00000000c164ea10,0x00000000c3d80000)
 Metaspace       used 7884K, capacity 8228K, committed 8576K, reserved 1056768K
  class space    used 747K, capacity 788K, committed 896K, reserved 1048576K
}
Event: 8.012 GC heap before
{Heap before GC invocations=7 (full 0):
 PSYoungGen      total 108032K, used 102850K [0x00000000eab00000, 0x00000000f2100000, 0x0000000100000000)
  eden space 96256K, 100% used [0x00000000eab00000,0x00000000f0900000,0x00000000f0900000)
  from space 11776K, 56% used [0x00000000f1580000,0x00000000f1bf0af0,0x00000000f2100000)
  to   space 12288K, 0% used [0x00000000f0900000,0x00000000f0900000,0x00000000f1500000)
 ParOldGen       total 62976K, used 22842K [0x00000000c0000000, 0x00000000c3d80000, 0x00000000eab00000)
  object space 62976K, 36% used [0x00000000c0000000,0x00000000c164ea10,0x00000000c3d80000)
 Metaspace       used 7904K, capacity 8292K, committed 8576K, reserved 1056768K
  class space    used 748K, capacity 788K, committed 896K, reserved 1048576K

Deoptimization events (10 events):
Event: 6.069 Thread 0x00007fd9dc00b000 Uncommon trap: reason=class_check action=maybe_recompile pc=0x00007fd9cd0d4ef8 method=com.android.dex.Leb128.writeUnsignedLeb128(Lcom/android/dex/util/ByteOutput;I)V @ 40
Event: 6.069 Thread 0x00007fd9dc00b000 Uncommon trap: reason=class_check action=maybe_recompile pc=0x00007fd9cd0d4ef8 method=com.android.dex.Leb128.writeUnsignedLeb128(Lcom/android/dex/util/ByteOutput;I)V @ 40
Event: 6.069 Thread 0x00007fd9dc00b000 Uncommon trap: reason=class_check action=maybe_recompile pc=0x00007fd9cd0d4ef8 method=com.android.dex.Leb128.writeUnsignedLeb128(Lcom/android/dex/util/ByteOutput;I)V @ 40
Event: 6.243 Thread 0x00007fd9dc00b000 Uncommon trap: reason=unreached action=reinterpret pc=0x00007fd9cd126718 method=java.util.HashMap.putVal(ILjava/lang/Object;Ljava/lang/Object;ZZ)Ljava/lang/Object; @ 109
Event: 6.243 Thread 0x00007fd9dc00b000 Uncommon trap: reason=unreached action=reinterpret pc=0x00007fd9cceca304 method=java.util.HashMap.resize()[Ljava/util/HashMap$Node; @ 206
Event: 6.268 Thread 0x00007fd9dc00b000 Uncommon trap: reason=predicate action=maybe_recompile pc=0x00007fd9cd151044 method=com.android.dex.Leb128.writeUnsignedLeb128(Lcom/android/dex/util/ByteOutput;I)V @ 9
Event: 6.332 Thread 0x00007fd9dc00b000 Uncommon trap: reason=unreached action=reinterpret pc=0x00007fd9cceaf37c method=java.util.HashMap.getNode(ILjava/lang/Object;)Ljava/util/HashMap$Node; @ 84
Event: 6.492 Thread 0x00007fd9dc00b000 Uncommon trap: reason=class_check action=maybe_recompile pc=0x00007fd9ccd656b0 method=java.util.ArrayList.<init>(Ljava/util/Collection;)V @ 6
Event: 6.511 Thread 0x00007fd9dc00b000 Uncommon trap: reason=class_check action=maybe_recompile pc=0x00007fd9ccd656b0 method=java.util.ArrayList.<init>(Ljava/util/Collection;)V @ 6
Event: 6.582 Thread 0x00007fd9dc00b000 Uncommon trap: reason=predicate action=maybe_recompile pc=0x00007fd9cd1b6c98 method=com.android.dex.Leb128.readUnsignedLeb128(Lcom/android/dex/util/ByteInput;)I @ 41

Internal exceptions (10 events):
Event: 6.322 Thread 0x00007fd9dc00b000 Exception <a 'java/security/PrivilegedActionException'> (0x00000000ec87d3f0) thrown at [/HUDSON/workspace/8-2-build-linux-amd64/jdk8u25/1514/hotspot/src/share/vm/prims/jvm.cpp, line 1312]
Event: 6.323 Thread 0x00007fd9dc00b000 Exception <a 'java/security/PrivilegedActionException'> (0x00000000ec8804f0) thrown at [/HUDSON/workspace/8-2-build-linux-amd64/jdk8u25/1514/hotspot/src/share/vm/prims/jvm.cpp, line 1312]
Event: 6.324 Thread 0x00007fd9dc00b000 Exception <a 'java/security/PrivilegedActionException'> (0x00000000ec883a28) thrown at [/HUDSON/workspace/8-2-build-linux-amd64/jdk8u25/1514/hotspot/src/share/vm/prims/jvm.cpp, line 1312]
Event: 6.329 Thread 0x00007fd9dc00b000 Exception <a 'java/security/PrivilegedActionException'> (0x00000000ec8cac90) thrown at [/HUDSON/workspace/8-2-build-linux-amd64/jdk8u25/1514/hotspot/src/share/vm/prims/jvm.cpp, line 1312]
Event: 6.330 Thread 0x00007fd9dc00b000 Exception <a 'java/security/PrivilegedActionException'> (0x00000000ec8ccf10) thrown at [/HUDSON/workspace/8-2-build-linux-amd64/jdk8u25/1514/hotspot/src/share/vm/prims/jvm.cpp, line 1312]
Event: 6.489 Thread 0x00007fd9dc00b000 Exception <a 'java/security/PrivilegedActionException'> (0x00000000eca68210) thrown at [/HUDSON/workspace/8-2-build-linux-amd64/jdk8u25/1514/hotspot/src/share/vm/prims/jvm.cpp, line 1312]
Event: 6.489 Thread 0x00007fd9dc00b000 Exception <a 'java/security/PrivilegedActionException'> (0x00000000eca68558) thrown at [/HUDSON/workspace/8-2-build-linux-amd64/jdk8u25/1514/hotspot/src/share/vm/prims/jvm.cpp, line 1312]
Event: 6.489 Thread 0x00007fd9dc00b000 Exception <a 'java/security/PrivilegedActionException'> (0x00000000eca6aa08) thrown at [/HUDSON/workspace/8-2-build-linux-amd64/jdk8u25/1514/hotspot/src/share/vm/prims/jvm.cpp, line 1312]
Event: 6.489 Thread 0x00007fd9dc00b000 Exception <a 'java/security/PrivilegedActionException'> (0x00000000eca6ad50) thrown at [/HUDSON/workspace/8-2-build-linux-amd64/jdk8u25/1514/hotspot/src/share/vm/prims/jvm.cpp, line 1312]
Event: 7.618 Thread 0x00007fd9dc00b000 Exception <a 'java/security/PrivilegedActionException'> (0x00000000ecf68388) thrown at [/HUDSON/workspace/8-2-build-linux-amd64/jdk8u25/1514/hotspot/src/share/vm/prims/jvm.cpp, line 1312]

Events (10 events):
Event: 7.905 Thread 0x00007fd9dc00b000 DEOPT UNPACKING pc=0x00007fd9cca05f73 sp=0x00007fd9e28e7260 mode 0
Event: 7.938 Thread 0x00007fd9dc00b000 DEOPT PACKING pc=0x00007fd9cd2e06ca sp=0x00007fd9e28e7120
Event: 7.938 Thread 0x00007fd9dc00b000 DEOPT UNPACKING pc=0x00007fd9cca05f73 sp=0x00007fd9e28e6ec0 mode 0
Event: 7.946 Thread 0x00007fd9dc00b000 DEOPT PACKING pc=0x00007fd9cd29d719 sp=0x00007fd9e28e74c0
Event: 7.946 Thread 0x00007fd9dc00b000 DEOPT UNPACKING pc=0x00007fd9cca05f73 sp=0x00007fd9e28e7260 mode 0
Event: 7.951 Thread 0x00007fd9dc00b000 DEOPT PACKING pc=0x00007fd9cd29d719 sp=0x00007fd9e28e74c0
Event: 7.951 Thread 0x00007fd9dc00b000 DEOPT UNPACKING pc=0x00007fd9cca05f73 sp=0x00007fd9e28e7260 mode 0
Event: 7.954 Thread 0x00007fd9dc00b000 DEOPT PACKING pc=0x00007fd9cd29d719 sp=0x00007fd9e28e74c0
Event: 7.954 Thread 0x00007fd9dc00b000 DEOPT UNPACKING pc=0x00007fd9cca05f73 sp=0x00007fd9e28e7260 mode 0
Event: 8.012 Executing VM operation: ParallelGCFailedAllocation


Dynamic libraries:
00400000-00401000 r-xp 00000000 08:01 3813986                            /usr/lib/jvm/jdk1.8.0/bin/java
00600000-00601000 rw-p 00000000 08:01 3813986                            /usr/lib/jvm/jdk1.8.0/bin/java
0118c000-011ad000 rw-p 00000000 00:00 0                                  [heap]
c0000000-c3d80000 rw-p 00000000 00:00 0 
c3d80000-eab00000 ---p 00000000 00:00 0 
eab00000-f2100000 rw-p 00000000 00:00 0 
f8200000-100000000 ---p 00000000 00:00 0 
100000000-1000e0000 rw-p 00000000 00:00 0 
1000e0000-140000000 ---p 00000000 00:00 0 
7fd98c000000-7fd98c021000 rw-p 00000000 00:00 0 
7fd98c021000-7fd990000000 ---p 00000000 00:00 0 
7fd990000000-7fd990021000 rw-p 00000000 00:00 0 
7fd990021000-7fd994000000 ---p 00000000 00:00 0 
7fd994000000-7fd994d62000 rw-p 00000000 00:00 0 
7fd994d62000-7fd998000000 ---p 00000000 00:00 0 
7fd998000000-7fd998906000 rw-p 00000000 00:00 0 
7fd998906000-7fd99c000000 ---p 00000000 00:00 0 
7fd99c000000-7fd99c021000 rw-p 00000000 00:00 0 
7fd99c021000-7fd9a0000000 ---p 00000000 00:00 0 
7fd9a0000000-7fd9a0b02000 rw-p 00000000 00:00 0 
7fd9a0b02000-7fd9a4000000 ---p 00000000 00:00 0 
7fd9a4000000-7fd9a4021000 rw-p 00000000 00:00 0 
7fd9a4021000-7fd9a8000000 ---p 00000000 00:00 0 
7fd9a8000000-7fd9a8021000 rw-p 00000000 00:00 0 
7fd9a8021000-7fd9ac000000 ---p 00000000 00:00 0 
7fd9ac000000-7fd9ac021000 rw-p 00000000 00:00 0 
7fd9ac021000-7fd9b0000000 ---p 00000000 00:00 0 
7fd9b0000000-7fd9b027f000 rw-p 00000000 00:00 0 
7fd9b027f000-7fd9b4000000 ---p 00000000 00:00 0 
7fd9b4000000-7fd9b4021000 rw-p 00000000 00:00 0 
7fd9b4021000-7fd9b8000000 ---p 00000000 00:00 0 
7fd9bc000000-7fd9bc021000 rw-p 00000000 00:00 0 
7fd9bc021000-7fd9c0000000 ---p 00000000 00:00 0 
7fd9c30e6000-7fd9c30e7000 ---p 00000000 00:00 0 
7fd9c30e7000-7fd9c31e7000 rw-p 00000000 00:00 0                          [stack:7123]
7fd9c31e7000-7fd9c31ea000 ---p 00000000 00:00 0 
7fd9c31ea000-7fd9c32e8000 rw-p 00000000 00:00 0                          [stack:7122]
7fd9c32e8000-7fd9c32eb000 ---p 00000000 00:00 0 
7fd9c32eb000-7fd9c33e9000 rw-p 00000000 00:00 0                          [stack:7121]
7fd9c33e9000-7fd9c33ec000 ---p 00000000 00:00 0 
7fd9c33ec000-7fd9c34ea000 rw-p 00000000 00:00 0                          [stack:7120]
7fd9c34ea000-7fd9c34ed000 ---p 00000000 00:00 0 
7fd9c34ed000-7fd9c35eb000 rw-p 00000000 00:00 0                          [stack:7119]
7fd9c35eb000-7fd9c35ee000 ---p 00000000 00:00 0 
7fd9c35ee000-7fd9c36ec000 rw-p 00000000 00:00 0                          [stack:7118]
7fd9c36ec000-7fd9c3eff000 r--p 00000000 08:01 3808254                    /usr/lib/locale/locale-archive
7fd9c3eff000-7fd9c3f02000 ---p 00000000 00:00 0 
7fd9c3f02000-7fd9c4000000 rw-p 00000000 00:00 0                          [stack:7117]
7fd9c4000000-7fd9c4021000 rw-p 00000000 00:00 0 
7fd9c4021000-7fd9c8000000 ---p 00000000 00:00 0 
7fd9c804a000-7fd9c8051000 r--s 00000000 08:01 4075464                    /usr/lib/x86_64-linux-gnu/gconv/gconv-modules.cache
7fd9c8051000-7fd9c8077000 r--p 00000000 08:01 4460467                    /usr/share/locale-langpack/ko/LC_MESSAGES/libc.mo
7fd9c8077000-7fd9c8093000 r--s 00393000 08:01 4202836                    /usr/lib/jvm/jdk1.8.0/jre/lib/ext/cldrdata.jar
7fd9c8093000-7fd9c80a2000 r--s 000dd000 00:22 156718                     /home/johnny/Android/Sdk/build-tools/21.1.2/lib/dx.jar
7fd9c80a2000-7fd9c80a5000 ---p 00000000 00:00 0 
7fd9c80a5000-7fd9c81a3000 rw-p 00000000 00:00 0                          [stack:7116]
7fd9c81a3000-7fd9c81a4000 ---p 00000000 00:00 0 
7fd9c81a4000-7fd9c9258000 rw-p 00000000 00:00 0                          [stack:7115]
7fd9c9258000-7fd9c942e000 r--s 03caa000 08:01 3814173                    /usr/lib/jvm/jdk1.8.0/jre/lib/rt.jar
7fd9c942e000-7fd9c9c24000 rw-p 00000000 00:00 0 
7fd9c9c24000-7fd9c9ca4000 ---p 00000000 00:00 0 
7fd9c9ca4000-7fd9cbea4000 rw-p 00000000 00:00 0 
7fd9cbea4000-7fd9cbea5000 ---p 00000000 00:00 0 
7fd9cbea5000-7fd9cbfa5000 rw-p 00000000 00:00 0                          [stack:7114]
7fd9cbfa5000-7fd9cbfa6000 ---p 00000000 00:00 0 
7fd9cbfa6000-7fd9cc0a6000 rw-p 00000000 00:00 0                          [stack:7113]
7fd9cc0a6000-7fd9cc0a7000 ---p 00000000 00:00 0 
7fd9cc0a7000-7fd9cc1a7000 rw-p 00000000 00:00 0                          [stack:7112]
7fd9cc1a7000-7fd9cc1a8000 ---p 00000000 00:00 0 
7fd9cc1a8000-7fd9cc2c7000 rw-p 00000000 00:00 0                          [stack:7111]
7fd9cc2c7000-7fd9cc3fe000 ---p 00000000 00:00 0 
7fd9cc3fe000-7fd9cc41d000 rw-p 00000000 00:00 0 
7fd9cc41d000-7fd9cc553000 ---p 00000000 00:00 0 
7fd9cc553000-7fd9cc58f000 rw-p 00000000 00:00 0 
7fd9cc58f000-7fd9cc5fe000 ---p 00000000 00:00 0 
7fd9cc5fe000-7fd9cc624000 rw-p 00000000 00:00 0 
7fd9cc624000-7fd9cc9bf000 ---p 00000000 00:00 0 
7fd9cc9bf000-7fd9cd2ff000 rwxp 00000000 00:00 0 
7fd9cd2ff000-7fd9db9bf000 ---p 00000000 00:00 0 
7fd9db9bf000-7fd9db9d9000 r-xp 00000000 08:01 3814113                    /usr/lib/jvm/jdk1.8.0/jre/lib/amd64/libzip.so
7fd9db9d9000-7fd9dbbd9000 ---p 0001a000 08:01 3814113                    /usr/lib/jvm/jdk1.8.0/jre/lib/amd64/libzip.so
7fd9dbbd9000-7fd9dbbda000 rw-p 0001a000 08:01 3814113                    /usr/lib/jvm/jdk1.8.0/jre/lib/amd64/libzip.so
7fd9dbbda000-7fd9dbbe5000 r-xp 00000000 08:01 4609338                    /lib/x86_64-linux-gnu/libnss_files-2.19.so
7fd9dbbe5000-7fd9dbde4000 ---p 0000b000 08:01 4609338                    /lib/x86_64-linux-gnu/libnss_files-2.19.so
7fd9dbde4000-7fd9dbde5000 r--p 0000a000 08:01 4609338                    /lib/x86_64-linux-gnu/libnss_files-2.19.so
7fd9dbde5000-7fd9dbde6000 rw-p 0000b000 08:01 4609338                    /lib/x86_64-linux-gnu/libnss_files-2.19.so
7fd9dbde6000-7fd9dbdfd000 r-xp 00000000 08:01 4609347                    /lib/x86_64-linux-gnu/libnsl-2.19.so
7fd9dbdfd000-7fd9dbffc000 ---p 00017000 08:01 4609347                    /lib/x86_64-linux-gnu/libnsl-2.19.so
7fd9dbffc000-7fd9dbffd000 r--p 00016000 08:01 4609347                    /lib/x86_64-linux-gnu/libnsl-2.19.so
7fd9dbffd000-7fd9dbffe000 rw-p 00017000 08:01 4609347                    /lib/x86_64-linux-gnu/libnsl-2.19.so
7fd9dbffe000-7fd9dc000000 rw-p 00000000 00:00 0 
7fd9dc000000-7fd9dc372000 rw-p 00000000 00:00 0 
7fd9dc372000-7fd9e0000000 ---p 00000000 00:00 0 
7fd9e0001000-7fd9e000b000 r--s 00116000 08:01 4202837                    /usr/lib/jvm/jdk1.8.0/jre/lib/ext/localedata.jar
7fd9e000b000-7fd9e0016000 r-xp 00000000 08:01 4609358                    /lib/x86_64-linux-gnu/libnss_nis-2.19.so
7fd9e0016000-7fd9e0215000 ---p 0000b000 08:01 4609358                    /lib/x86_64-linux-gnu/libnss_nis-2.19.so
7fd9e0215000-7fd9e0216000 r--p 0000a000 08:01 4609358                    /lib/x86_64-linux-gnu/libnss_nis-2.19.so
7fd9e0216000-7fd9e0217000 rw-p 0000b000 08:01 4609358                    /lib/x86_64-linux-gnu/libnss_nis-2.19.so
7fd9e0217000-7fd9e0220000 r-xp 00000000 08:01 4609346                    /lib/x86_64-linux-gnu/libnss_compat-2.19.so
7fd9e0220000-7fd9e041f000 ---p 00009000 08:01 4609346                    /lib/x86_64-linux-gnu/libnss_compat-2.19.so
7fd9e041f000-7fd9e0420000 r--p 00008000 08:01 4609346                    /lib/x86_64-linux-gnu/libnss_compat-2.19.so
7fd9e0420000-7fd9e0421000 rw-p 00009000 08:01 4609346                    /lib/x86_64-linux-gnu/libnss_compat-2.19.so
7fd9e0421000-7fd9e044b000 r-xp 00000000 08:01 3814122                    /usr/lib/jvm/jdk1.8.0/jre/lib/amd64/libjava.so
7fd9e044b000-7fd9e064b000 ---p 0002a000 08:01 3814122                    /usr/lib/jvm/jdk1.8.0/jre/lib/amd64/libjava.so
7fd9e064b000-7fd9e064d000 rw-p 0002a000 08:01 3814122                    /usr/lib/jvm/jdk1.8.0/jre/lib/amd64/libjava.so
7fd9e064d000-7fd9e065a000 r-xp 00000000 08:01 3814135                    /usr/lib/jvm/jdk1.8.0/jre/lib/amd64/libverify.so
7fd9e065a000-7fd9e085a000 ---p 0000d000 08:01 3814135                    /usr/lib/jvm/jdk1.8.0/jre/lib/amd64/libverify.so
7fd9e085a000-7fd9e085c000 rw-p 0000d000 08:01 3814135                    /usr/lib/jvm/jdk1.8.0/jre/lib/amd64/libverify.so
7fd9e085c000-7fd9e0863000 r-xp 00000000 08:01 4609355                    /lib/x86_64-linux-gnu/librt-2.19.so
7fd9e0863000-7fd9e0a62000 ---p 00007000 08:01 4609355                    /lib/x86_64-linux-gnu/librt-2.19.so
7fd9e0a62000-7fd9e0a63000 r--p 00006000 08:01 4609355                    /lib/x86_64-linux-gnu/librt-2.19.so
7fd9e0a63000-7fd9e0a64000 rw-p 00007000 08:01 4609355                    /lib/x86_64-linux-gnu/librt-2.19.so
7fd9e0a64000-7fd9e0b69000 r-xp 00000000 08:01 4594610                    /lib/x86_64-linux-gnu/libm-2.19.so
7fd9e0b69000-7fd9e0d68000 ---p 00105000 08:01 4594610                    /lib/x86_64-linux-gnu/libm-2.19.so
7fd9e0d68000-7fd9e0d69000 r--p 00104000 08:01 4594610                    /lib/x86_64-linux-gnu/libm-2.19.so
7fd9e0d69000-7fd9e0d6a000 rw-p 00105000 08:01 4594610                    /lib/x86_64-linux-gnu/libm-2.19.so
7fd9e0d6a000-7fd9e19d7000 r-xp 00000000 08:01 3814109                    /usr/lib/jvm/jdk1.8.0/jre/lib/amd64/server/libjvm.so
7fd9e19d7000-7fd9e1bd6000 ---p 00c6d000 08:01 3814109                    /usr/lib/jvm/jdk1.8.0/jre/lib/amd64/server/libjvm.so
7fd9e1bd6000-7fd9e1cac000 rw-p 00c6c000 08:01 3814109                    /usr/lib/jvm/jdk1.8.0/jre/lib/amd64/server/libjvm.so
7fd9e1cac000-7fd9e1cef000 rw-p 00000000 00:00 0 
7fd9e1cef000-7fd9e1eaa000 r-xp 00000000 08:01 4609352                    /lib/x86_64-linux-gnu/libc-2.19.so
7fd9e1eaa000-7fd9e20a9000 ---p 001bb000 08:01 4609352                    /lib/x86_64-linux-gnu/libc-2.19.so
7fd9e20a9000-7fd9e20ad000 r--p 001ba000 08:01 4609352                    /lib/x86_64-linux-gnu/libc-2.19.so
7fd9e20ad000-7fd9e20af000 rw-p 001be000 08:01 4609352                    /lib/x86_64-linux-gnu/libc-2.19.so
7fd9e20af000-7fd9e20b4000 rw-p 00000000 00:00 0 
7fd9e20b4000-7fd9e20b7000 r-xp 00000000 08:01 4609341                    /lib/x86_64-linux-gnu/libdl-2.19.so
7fd9e20b7000-7fd9e22b6000 ---p 00003000 08:01 4609341                    /lib/x86_64-linux-gnu/libdl-2.19.so
7fd9e22b6000-7fd9e22b7000 r--p 00002000 08:01 4609341                    /lib/x86_64-linux-gnu/libdl-2.19.so
7fd9e22b7000-7fd9e22b8000 rw-p 00003000 08:01 4609341                    /lib/x86_64-linux-gnu/libdl-2.19.so
7fd9e22b8000-7fd9e22cd000 r-xp 00000000 08:01 4855115                    /usr/lib/jvm/jdk1.8.0/lib/amd64/jli/libjli.so
7fd9e22cd000-7fd9e24cc000 ---p 00015000 08:01 4855115                    /usr/lib/jvm/jdk1.8.0/lib/amd64/jli/libjli.so
7fd9e24cc000-7fd9e24cd000 rw-p 00014000 08:01 4855115                    /usr/lib/jvm/jdk1.8.0/lib/amd64/jli/libjli.so
7fd9e24cd000-7fd9e24e6000 r-xp 00000000 08:01 4609353                    /lib/x86_64-linux-gnu/libpthread-2.19.so
7fd9e24e6000-7fd9e26e5000 ---p 00019000 08:01 4609353                    /lib/x86_64-linux-gnu/libpthread-2.19.so
7fd9e26e5000-7fd9e26e6000 r--p 00018000 08:01 4609353                    /lib/x86_64-linux-gnu/libpthread-2.19.so
7fd9e26e6000-7fd9e26e7000 rw-p 00019000 08:01 4609353                    /lib/x86_64-linux-gnu/libpthread-2.19.so
7fd9e26e7000-7fd9e26eb000 rw-p 00000000 00:00 0 
7fd9e26eb000-7fd9e270e000 r-xp 00000000 08:01 4609349                    /lib/x86_64-linux-gnu/ld-2.19.so
7fd9e2711000-7fd9e2712000 rw-p 00000000 00:00 0 
7fd9e2712000-7fd9e2716000 r--s 00093000 08:01 3814158                    /usr/lib/jvm/jdk1.8.0/jre/lib/jsse.jar
7fd9e2716000-7fd9e27e8000 rw-p 00000000 00:00 0 
7fd9e27e8000-7fd9e27eb000 ---p 00000000 00:00 0 
7fd9e27eb000-7fd9e2901000 rw-p 00000000 00:00 0                          [stack:7108]
7fd9e2901000-7fd9e2909000 rw-s 00000000 08:01 3280211                    /tmp/hsperfdata_johnny/7104
7fd9e2909000-7fd9e290a000 rw-p 00000000 00:00 0 
7fd9e290a000-7fd9e290b000 ---p 00000000 00:00 0 
7fd9e290b000-7fd9e290d000 rw-p 00000000 00:00 0 
7fd9e290d000-7fd9e290e000 r--p 00022000 08:01 4609349                    /lib/x86_64-linux-gnu/ld-2.19.so
7fd9e290e000-7fd9e290f000 rw-p 00023000 08:01 4609349                    /lib/x86_64-linux-gnu/ld-2.19.so
7fd9e290f000-7fd9e2910000 rw-p 00000000 00:00 0 
7ffc61dcf000-7ffc61df1000 rw-p 00000000 00:00 0                          [stack]
7ffc61df4000-7ffc61df6000 r-xp 00000000 00:00 0                          [vdso]
ffffffffff600000-ffffffffff601000 r-xp 00000000 00:00 0                  [vsyscall]

VM Arguments:
jvm_args: -Xmx1024M -Dfile.encoding=UTF-8 -Duser.country=KR -Duser.language=ko -Duser.variant 
java_command: com.android.dx.command.Main --dex --output /home/johnny/AndroidStudioProjects/SNSManager Plus Extension/app/build/intermediates/dex/release /home/johnny/AndroidStudioProjects/SNSManager Plus Extension/app/build/intermediates/classes/release /home/johnny/AndroidStudioProjects/SNSManager Plus Extension/app/build/intermediates/pre-dexed/release/support-annotations-21.0.0-2147f237d0c3565a6ce31f3eb9e2f0dc5c0898eb.jar /home/johnny/AndroidStudioProjects/SNSManager Plus Extension/app/build/intermediates/pre-dexed/release/httpmime-4.2.1-ce1bdebe3dbcb13c37045c3316453b01a37ecd20.jar /home/johnny/AndroidStudioProjects/SNSManager Plus Extension/app/build/intermediates/pre-dexed/release/bolts-android-1.1.2-78f21044159596ea30bf4f74b04fdbb4d9832ee6.jar /home/johnny/AndroidStudioProjects/SNSManager Plus Extension/app/build/intermediates/pre-dexed/release/universal-image-loader-1.8.6-50b16aedaccd921b60023c900c0c60dee860fd30.jar /home/johnny/AndroidStudioProjects/SNSManager Plus Extension/app/build/intermediates/pre-dexed/release/internal_impl-21.0.0-ad0a4739839289beed5d9d6675151a37053dcb33.jar /home/johnny/AndroidStudioProjects/SNSManager Plus Extension/app/build/intermediates/pre-dexed/release/crashlytics-b0faed28af9c5275ad26a781ae335943b74c2d20.jar /home/johnny/AndroidStudioProjects/SNSManager Plus Extension/app/build/intermediates/pre-dexed/release/twitter4j-core-3.0.5-883612db8b4d4a0daa3e5822258e69b26fe3017b.jar /home/johnny/AndroidStudioProjects/SNSManager Plus Extension/app/build/intermediates/pre-dexed/release/classes-8c25f6d26be33f12a46eb1b9c9bc5d6fc50424eb.jar /home/johnny/AndroidStudioProjects/SNSManager Plus Extension/app/build/intermediates/pre-dexed/release/classes-9d1ae05b390e8437a1c4ae41428f40de0318a115.jar /home/johnny/AndroidStudioProjects/SNSManager Plus Extension/app/build/intermediates/pre-dexed/release/classes-9cc8d1a1e55c038a5aeb1aa5d1c01edc53f165c6.jar /home/johnny/AndroidStudioProjects/SNSManager Plus Extension/app/build/intermediates/pre-dexed
java_class_path (initial): /home/johnny/Android/Sdk/build-tools/21.1.2/lib/dx.jar
Launcher Type: SUN_STANDARD

Environment Variables:
PATH=/home/johnny/bin:/usr/local/sbin:/usr/local/bin:/usr/sbin:/usr/bin:/sbin:/bin:/usr/games:/usr/local/games
LD_LIBRARY_PATH=/home/johnny/android-studio/bin:
SHELL=/bin/bash
DISPLAY=:0

Signal Handlers:
SIGSEGV: [libjvm.so+0xa79a80], sa_mask[0]=11111111011111111101111111111110, sa_flags=SA_RESTART|SA_SIGINFO
SIGBUS: [libjvm.so+0xa79a80], sa_mask[0]=11111111011111111101111111111110, sa_flags=SA_RESTART|SA_SIGINFO
SIGFPE: [libjvm.so+0x8e24e0], sa_mask[0]=11111111011111111101111111111110, sa_flags=SA_RESTART|SA_SIGINFO
SIGPIPE: [libjvm.so+0x8e24e0], sa_mask[0]=11111111011111111101111111111110, sa_flags=SA_RESTART|SA_SIGINFO
SIGXFSZ: [libjvm.so+0x8e24e0], sa_mask[0]=11111111011111111101111111111110, sa_flags=SA_RESTART|SA_SIGINFO
SIGILL: [libjvm.so+0x8e24e0], sa_mask[0]=11111111011111111101111111111110, sa_flags=SA_RESTART|SA_SIGINFO
SIGUSR1: SIG_DFL, sa_mask[0]=00000000000000000000000000000000, sa_flags=none
SIGUSR2: [libjvm.so+0x8e3d10], sa_mask[0]=00100000000000000000000000000000, sa_flags=SA_RESTART|SA_SIGINFO
SIGHUP: [libjvm.so+0x8e50d0], sa_mask[0]=11111111011111111101111111111110, sa_flags=SA_RESTART|SA_SIGINFO
SIGINT: [libjvm.so+0x8e50d0], sa_mask[0]=11111111011111111101111111111110, sa_flags=SA_RESTART|SA_SIGINFO
SIGTERM: [libjvm.so+0x8e50d0], sa_mask[0]=11111111011111111101111111111110, sa_flags=SA_RESTART|SA_SIGINFO
SIGQUIT: [libjvm.so+0x8e50d0], sa_mask[0]=11111111011111111101111111111110, sa_flags=SA_RESTART|SA_SIGINFO


---------------  S Y S T E M  ---------------

OS:DISTRIB_ID=Ubuntu
DISTRIB_RELEASE=14.04
DISTRIB_CODENAME=trusty
DISTRIB_DESCRIPTION="Ubuntu 14.04.2 LTS"

uname:Linux 3.13.0-57-generic #95-Ubuntu SMP Fri Jun 19 09:28:15 UTC 2015 x86_64
libc:glibc 2.19 NPTL 2.19 
rlimit: STACK 8192k, CORE 0k, NPROC 45903, NOFILE 4096, AS infinity
load average:3.57 2.62 2.41

/proc/meminfo:
MemTotal:        5905432 kB
MemFree:          137852 kB
Buffers:             564 kB
Cached:           644184 kB
SwapCached:            0 kB
Active:          4892384 kB
Inactive:         619956 kB
Active(anon):    4872956 kB
Inactive(anon):   598688 kB
Active(file):      19428 kB
Inactive(file):    21268 kB
Unevictable:          48 kB
Mlocked:              48 kB
SwapTotal:             0 kB
SwapFree:              0 kB
Dirty:               152 kB
Writeback:           220 kB
AnonPages:       4868180 kB
Mapped:           226260 kB
Shmem:            603464 kB
Slab:             110856 kB
SReclaimable:      47248 kB
SUnreclaim:        63608 kB
KernelStack:        6304 kB
PageTables:        61004 kB
NFS_Unstable:          0 kB
Bounce:                0 kB
WritebackTmp:          0 kB
CommitLimit:     2952716 kB
Committed_AS:   11326264 kB
VmallocTotal:   34359738367 kB
VmallocUsed:      558744 kB
VmallocChunk:   34359169676 kB
HardwareCorrupted:     0 kB
AnonHugePages:    944128 kB
HugePages_Total:       0
HugePages_Free:        0
HugePages_Rsvd:        0
HugePages_Surp:        0
Hugepagesize:       2048 kB
DirectMap4k:      143616 kB
DirectMap2M:     5941248 kB


CPU:total 4 (2 cores per cpu, 2 threads per core) family 6 model 37 stepping 5, cmov, cx8, fxsr, mmx, sse, sse2, sse3, ssse3, sse4.1, sse4.2, popcnt, ht, tsc, tscinvbit

/proc/cpuinfo:
processor	: 0
vendor_id	: GenuineIntel
cpu family	: 6
model		: 37
model name	: Intel(R) Core(TM) i3 CPU       M 370  @ 2.40GHz
stepping	: 5
microcode	: 0x2
cpu MHz		: 1199.000
cache size	: 3072 KB
physical id	: 0
siblings	: 4
core id		: 0
cpu cores	: 2
apicid		: 0
initial apicid	: 0
fpu		: yes
fpu_exception	: yes
cpuid level	: 11
wp		: yes
flags		: fpu vme de pse tsc msr pae mce cx8 apic sep mtrr pge mca cmov pat pse36 clflush dts acpi mmx fxsr sse sse2 ss ht tm pbe syscall nx rdtscp lm constant_tsc arch_perfmon pebs bts rep_good nopl xtopology nonstop_tsc aperfmperf pni dtes64 monitor ds_cpl vmx est tm2 ssse3 cx16 xtpr pdcm pcid sse4_1 sse4_2 popcnt lahf_lm arat dtherm tpr_shadow vnmi flexpriority ept vpid
bogomips	: 4787.74
clflush size	: 64
cache_alignment	: 64
address sizes	: 36 bits physical, 48 bits virtual
power management:

processor	: 1
vendor_id	: GenuineIntel
cpu family	: 6
model		: 37
model name	: Intel(R) Core(TM) i3 CPU       M 370  @ 2.40GHz
stepping	: 5
microcode	: 0x2
cpu MHz		: 1199.000
cache size	: 3072 KB
physical id	: 0
siblings	: 4
core id		: 0
cpu cores	: 2
apicid		: 1
initial apicid	: 1
fpu		: yes
fpu_exception	: yes
cpuid level	: 11
wp		: yes
flags		: fpu vme de pse tsc msr pae mce cx8 apic sep mtrr pge mca cmov pat pse36 clflush dts acpi mmx fxsr sse sse2 ss ht tm pbe syscall nx rdtscp lm constant_tsc arch_perfmon pebs bts rep_good nopl xtopology nonstop_tsc aperfmperf pni dtes64 monitor ds_cpl vmx est tm2 ssse3 cx16 xtpr pdcm pcid sse4_1 sse4_2 popcnt lahf_lm arat dtherm tpr_shadow vnmi flexpriority ept vpid
bogomips	: 4787.74
clflush size	: 64
cache_alignment	: 64
address sizes	: 36 bits physical, 48 bits virtual
power management:

processor	: 2
vendor_id	: GenuineIntel
cpu family	: 6
model		: 37
model name	: Intel(R) Core(TM) i3 CPU       M 370  @ 2.40GHz
stepping	: 5
microcode	: 0x2
cpu MHz		: 2399.000
cache size	: 3072 KB
physical id	: 0
siblings	: 4
core id		: 2
cpu cores	: 2
apicid		: 4
initial apicid	: 4
fpu		: yes
fpu_exception	: yes
cpuid level	: 11
wp		: yes
flags		: fpu vme de pse tsc msr pae mce cx8 apic sep mtrr pge mca cmov pat pse36 clflush dts acpi mmx fxsr sse sse2 ss ht tm pbe syscall nx rdtscp lm constant_tsc arch_perfmon pebs bts rep_good nopl xtopology nonstop_tsc aperfmperf pni dtes64 monitor ds_cpl vmx est tm2 ssse3 cx16 xtpr pdcm pcid sse4_1 sse4_2 popcnt lahf_lm arat dtherm tpr_shadow vnmi flexpriority ept vpid
bogomips	: 4787.74
clflush size	: 64
cache_alignment	: 64
address sizes	: 36 bits physical, 48 bits virtual
power management:

processor	: 3
vendor_id	: GenuineIntel
cpu family	: 6
model		: 37
model name	: Intel(R) Core(TM) i3 CPU       M 370  @ 2.40GHz
stepping	: 5
microcode	: 0x2
cpu MHz		: 2399.000
cache size	: 3072 KB
physical id	: 0
siblings	: 4
core id		: 2
cpu cores	: 2
apicid		: 5
initial apicid	: 5
fpu		: yes
fpu_exception	: yes
cpuid level	: 11
wp		: yes
flags		: fpu vme de pse tsc msr pae mce cx8 apic sep mtrr pge mca cmov pat pse36 clflush dts acpi mmx fxsr sse sse2 ss ht tm pbe syscall nx rdtscp lm constant_tsc arch_perfmon pebs bts rep_good nopl xtopology nonstop_tsc aperfmperf pni dtes64 monitor ds_cpl vmx est tm2 ssse3 cx16 xtpr pdcm pcid sse4_1 sse4_2 popcnt lahf_lm arat dtherm tpr_shadow vnmi flexpriority ept vpid
bogomips	: 4787.74
clflush size	: 64
cache_alignment	: 64
address sizes	: 36 bits physical, 48 bits virtual
power management:



Memory: 4k page, physical 5905432k(137852k free), swap 0k(0k free)

vm_info: Java HotSpot(TM) 64-Bit Server VM (25.25-b02) for linux-amd64 JRE (1.8.0_25-b17), built on Sep 17 2014 17:32:11 by "java_re" with gcc 4.3.0 20080428 (Red Hat 4.3.0-8)

time: Thu Jul 23 23:25:54 2015
elapsed time: 8 seconds (0d 0h 0m 8s)

